Arguments: 
  C:\Program Files\nodejs\node.exe C:\Users\Idelvan\AppData\Roaming\npm\node_modules\yarn\bin\yarn.js add ts-node--dev -D

PATH: 
  C:\Python27\;C:\Python27\Scripts;C:\Program Files (x86)\Common Files\Oracle\Java\javapath;C:\ProgramData\Oracle\Java\javapath;C:\Windows\system32;C:\Windows;C:\Windows\System32\Wbem;C:\Windows\System32\WindowsPowerShell\v1.0\;C:\Program Files\Java\jdk1.8.0_161\bin;C:\ProgramData\chocolatey\bin;C:\Program Files\nodejs\;C:\Program Files (x86)\Yarn\bin\C:\Android\sdk\platform-toolsC:\Android\sdk\tools;C:\Program Files\Git\cmd;C:\Program Files\dotnet\;C:\ProgramData\ComposerSetup\bin;E:\xampp\php;C:\xampp\php;C:\Users\Idelvan\AppData\Local\Microsoft\WindowsApps;C:\Users\Idelvan\AppData\Local\Programs\Microsoft VS Code\bin;C:\Users\Idelvan\AppData\Roaming\npm;C:\Users\Idelvan\AppData\Local\Yarn\bin;C:\Users\Idelvan\AppData\Roaming\Composer\vendor\bin;c:\mtl-multisync\Rewriters\_msrgallwinner.zip\

Yarn version: 
  1.17.3

Node version: 
  12.10.0

Platform: 
  win32 x64

Trace: 
  Error: https://registry.yarnpkg.com/ts-node--dev: Not found
      at Request.params.callback [as _callback] (C:\Users\Idelvan\AppData\Roaming\npm\node_modules\yarn\lib\cli.js:66830:18)
      at Request.self.callback (C:\Users\Idelvan\AppData\Roaming\npm\node_modules\yarn\lib\cli.js:140464:22)
      at Request.emit (events.js:209:13)
      at Request.<anonymous> (C:\Users\Idelvan\AppData\Roaming\npm\node_modules\yarn\lib\cli.js:141436:10)
      at Request.emit (events.js:209:13)
      at IncomingMessage.<anonymous> (C:\Users\Idelvan\AppData\Roaming\npm\node_modules\yarn\lib\cli.js:141358:12)
      at Object.onceWrapper (events.js:298:28)
      at IncomingMessage.emit (events.js:214:15)
      at endReadableNT (_stream_readable.js:1178:12)
      at processTicksAndRejections (internal/process/task_queues.js:80:21)

npm manifest: 
  {
    "name": "server",
    "version": "1.0.0",
    "main": "index.js",
    "license": "MIT",
    "dependencies": {
      "express": "^4.17.1"
    },
    "devDependencies": {
      "typescript": "^3.9.7"
    }
  }

yarn manifest: 
  No manifest

Lockfile: 
  No lockfile
